<?xml version="1.0" encoding="UTF-8"?>
<testsuite xmlns:xsi="http://www.w3.org/2001/XMLSchema-instance" xsi:noNamespaceSchemaLocation="https://maven.apache.org/surefire/maven-surefire-plugin/xsd/surefire-test-report.xsd" name="com.rendShow.customerService.CustomerServiceApplicationTests" time="3.308" tests="1" errors="0" skipped="0" failures="0">
  <properties>
    <property name="java.specification.version" value="17"/>
    <property name="sun.jnu.encoding" value="UTF-8"/>
    <property name="java.class.path" value="/Users/georgebanin/Downloads/movieApp/movieStreamingApp/customerService/target/test-classes:/Users/georgebanin/Downloads/movieApp/movieStreamingApp/customerService/target/classes:/Users/georgebanin/.m2/repository/org/springframework/boot/spring-boot-starter-data-jpa/3.0.0/spring-boot-starter-data-jpa-3.0.0.jar:/Users/georgebanin/.m2/repository/org/springframework/boot/spring-boot-starter-aop/3.0.0/spring-boot-starter-aop-3.0.0.jar:/Users/georgebanin/.m2/repository/org/springframework/spring-aop/6.0.2/spring-aop-6.0.2.jar:/Users/georgebanin/.m2/repository/org/aspectj/aspectjweaver/1.9.9.1/aspectjweaver-1.9.9.1.jar:/Users/georgebanin/.m2/repository/org/springframework/boot/spring-boot-starter-jdbc/3.0.0/spring-boot-starter-jdbc-3.0.0.jar:/Users/georgebanin/.m2/repository/com/zaxxer/HikariCP/5.0.1/HikariCP-5.0.1.jar:/Users/georgebanin/.m2/repository/org/springframework/spring-jdbc/6.0.2/spring-jdbc-6.0.2.jar:/Users/georgebanin/.m2/repository/org/hibernate/orm/hibernate-core/6.1.5.Final/hibernate-core-6.1.5.Final.jar:/Users/georgebanin/.m2/repository/jakarta/persistence/jakarta.persistence-api/3.1.0/jakarta.persistence-api-3.1.0.jar:/Users/georgebanin/.m2/repository/jakarta/transaction/jakarta.transaction-api/2.0.1/jakarta.transaction-api-2.0.1.jar:/Users/georgebanin/.m2/repository/org/jboss/logging/jboss-logging/3.5.0.Final/jboss-logging-3.5.0.Final.jar:/Users/georgebanin/.m2/repository/org/hibernate/common/hibernate-commons-annotations/6.0.2.Final/hibernate-commons-annotations-6.0.2.Final.jar:/Users/georgebanin/.m2/repository/org/jboss/jandex/2.4.2.Final/jandex-2.4.2.Final.jar:/Users/georgebanin/.m2/repository/com/fasterxml/classmate/1.5.1/classmate-1.5.1.jar:/Users/georgebanin/.m2/repository/net/bytebuddy/byte-buddy/1.12.19/byte-buddy-1.12.19.jar:/Users/georgebanin/.m2/repository/org/glassfish/jaxb/jaxb-runtime/4.0.1/jaxb-runtime-4.0.1.jar:/Users/georgebanin/.m2/repository/org/glassfish/jaxb/jaxb-core/4.0.1/jaxb-core-4.0.1.jar:/Users/georgebanin/.m2/repository/org/eclipse/angus/angus-activation/1.0.0/angus-activation-1.0.0.jar:/Users/georgebanin/.m2/repository/org/glassfish/jaxb/txw2/4.0.1/txw2-4.0.1.jar:/Users/georgebanin/.m2/repository/com/sun/istack/istack-commons-runtime/4.1.1/istack-commons-runtime-4.1.1.jar:/Users/georgebanin/.m2/repository/jakarta/inject/jakarta.inject-api/2.0.0/jakarta.inject-api-2.0.0.jar:/Users/georgebanin/.m2/repository/org/antlr/antlr4-runtime/4.10.1/antlr4-runtime-4.10.1.jar:/Users/georgebanin/.m2/repository/org/springframework/data/spring-data-jpa/3.0.0/spring-data-jpa-3.0.0.jar:/Users/georgebanin/.m2/repository/org/springframework/data/spring-data-commons/3.0.0/spring-data-commons-3.0.0.jar:/Users/georgebanin/.m2/repository/org/springframework/spring-orm/6.0.2/spring-orm-6.0.2.jar:/Users/georgebanin/.m2/repository/org/springframework/spring-context/6.0.2/spring-context-6.0.2.jar:/Users/georgebanin/.m2/repository/org/springframework/spring-tx/6.0.2/spring-tx-6.0.2.jar:/Users/georgebanin/.m2/repository/org/springframework/spring-beans/6.0.2/spring-beans-6.0.2.jar:/Users/georgebanin/.m2/repository/jakarta/annotation/jakarta.annotation-api/2.1.1/jakarta.annotation-api-2.1.1.jar:/Users/georgebanin/.m2/repository/org/slf4j/slf4j-api/2.0.4/slf4j-api-2.0.4.jar:/Users/georgebanin/.m2/repository/org/springframework/spring-aspects/6.0.2/spring-aspects-6.0.2.jar:/Users/georgebanin/.m2/repository/org/springframework/boot/spring-boot-starter-hateoas/3.0.0/spring-boot-starter-hateoas-3.0.0.jar:/Users/georgebanin/.m2/repository/org/springframework/hateoas/spring-hateoas/2.0.0/spring-hateoas-2.0.0.jar:/Users/georgebanin/.m2/repository/org/springframework/plugin/spring-plugin-core/3.0.0/spring-plugin-core-3.0.0.jar:/Users/georgebanin/.m2/repository/org/springframework/boot/spring-boot-starter-web/3.0.0/spring-boot-starter-web-3.0.0.jar:/Users/georgebanin/.m2/repository/org/springframework/boot/spring-boot-starter/3.0.0/spring-boot-starter-3.0.0.jar:/Users/georgebanin/.m2/repository/org/springframework/boot/spring-boot-starter-logging/3.0.0/spring-boot-starter-logging-3.0.0.jar:/Users/georgebanin/.m2/repository/ch/qos/logback/logback-classic/1.4.5/logback-classic-1.4.5.jar:/Users/georgebanin/.m2/repository/ch/qos/logback/logback-core/1.4.5/logback-core-1.4.5.jar:/Users/georgebanin/.m2/repository/org/apache/logging/log4j/log4j-to-slf4j/2.19.0/log4j-to-slf4j-2.19.0.jar:/Users/georgebanin/.m2/repository/org/apache/logging/log4j/log4j-api/2.19.0/log4j-api-2.19.0.jar:/Users/georgebanin/.m2/repository/org/slf4j/jul-to-slf4j/2.0.4/jul-to-slf4j-2.0.4.jar:/Users/georgebanin/.m2/repository/org/yaml/snakeyaml/1.33/snakeyaml-1.33.jar:/Users/georgebanin/.m2/repository/org/springframework/boot/spring-boot-starter-json/3.0.0/spring-boot-starter-json-3.0.0.jar:/Users/georgebanin/.m2/repository/com/fasterxml/jackson/core/jackson-databind/2.14.1/jackson-databind-2.14.1.jar:/Users/georgebanin/.m2/repository/com/fasterxml/jackson/datatype/jackson-datatype-jdk8/2.14.1/jackson-datatype-jdk8-2.14.1.jar:/Users/georgebanin/.m2/repository/com/fasterxml/jackson/datatype/jackson-datatype-jsr310/2.14.1/jackson-datatype-jsr310-2.14.1.jar:/Users/georgebanin/.m2/repository/com/fasterxml/jackson/module/jackson-module-parameter-names/2.14.1/jackson-module-parameter-names-2.14.1.jar:/Users/georgebanin/.m2/repository/org/springframework/boot/spring-boot-starter-tomcat/3.0.0/spring-boot-starter-tomcat-3.0.0.jar:/Users/georgebanin/.m2/repository/org/apache/tomcat/embed/tomcat-embed-core/10.1.1/tomcat-embed-core-10.1.1.jar:/Users/georgebanin/.m2/repository/org/apache/tomcat/embed/tomcat-embed-el/10.1.1/tomcat-embed-el-10.1.1.jar:/Users/georgebanin/.m2/repository/org/apache/tomcat/embed/tomcat-embed-websocket/10.1.1/tomcat-embed-websocket-10.1.1.jar:/Users/georgebanin/.m2/repository/org/springframework/spring-web/6.0.2/spring-web-6.0.2.jar:/Users/georgebanin/.m2/repository/io/micrometer/micrometer-observation/1.10.2/micrometer-observation-1.10.2.jar:/Users/georgebanin/.m2/repository/io/micrometer/micrometer-commons/1.10.2/micrometer-commons-1.10.2.jar:/Users/georgebanin/.m2/repository/org/springframework/spring-webmvc/6.0.2/spring-webmvc-6.0.2.jar:/Users/georgebanin/.m2/repository/org/springframework/spring-expression/6.0.2/spring-expression-6.0.2.jar:/Users/georgebanin/.m2/repository/org/springframework/boot/spring-boot-starter-webflux/3.0.0/spring-boot-starter-webflux-3.0.0.jar:/Users/georgebanin/.m2/repository/org/springframework/boot/spring-boot-starter-reactor-netty/3.0.0/spring-boot-starter-reactor-netty-3.0.0.jar:/Users/georgebanin/.m2/repository/io/projectreactor/netty/reactor-netty-http/1.1.0/reactor-netty-http-1.1.0.jar:/Users/georgebanin/.m2/repository/io/netty/netty-codec-http/4.1.85.Final/netty-codec-http-4.1.85.Final.jar:/Users/georgebanin/.m2/repository/io/netty/netty-common/4.1.85.Final/netty-common-4.1.85.Final.jar:/Users/georgebanin/.m2/repository/io/netty/netty-buffer/4.1.85.Final/netty-buffer-4.1.85.Final.jar:/Users/georgebanin/.m2/repository/io/netty/netty-transport/4.1.85.Final/netty-transport-4.1.85.Final.jar:/Users/georgebanin/.m2/repository/io/netty/netty-codec/4.1.85.Final/netty-codec-4.1.85.Final.jar:/Users/georgebanin/.m2/repository/io/netty/netty-handler/4.1.85.Final/netty-handler-4.1.85.Final.jar:/Users/georgebanin/.m2/repository/io/netty/netty-codec-http2/4.1.85.Final/netty-codec-http2-4.1.85.Final.jar:/Users/georgebanin/.m2/repository/io/netty/netty-resolver-dns/4.1.85.Final/netty-resolver-dns-4.1.85.Final.jar:/Users/georgebanin/.m2/repository/io/netty/netty-resolver/4.1.85.Final/netty-resolver-4.1.85.Final.jar:/Users/georgebanin/.m2/repository/io/netty/netty-codec-dns/4.1.85.Final/netty-codec-dns-4.1.85.Final.jar:/Users/georgebanin/.m2/repository/io/netty/netty-resolver-dns-native-macos/4.1.85.Final/netty-resolver-dns-native-macos-4.1.85.Final-osx-x86_64.jar:/Users/georgebanin/.m2/repository/io/netty/netty-resolver-dns-classes-macos/4.1.85.Final/netty-resolver-dns-classes-macos-4.1.85.Final.jar:/Users/georgebanin/.m2/repository/io/netty/netty-transport-native-epoll/4.1.85.Final/netty-transport-native-epoll-4.1.85.Final-linux-x86_64.jar:/Users/georgebanin/.m2/repository/io/netty/netty-transport-native-unix-common/4.1.85.Final/netty-transport-native-unix-common-4.1.85.Final.jar:/Users/georgebanin/.m2/repository/io/netty/netty-transport-classes-epoll/4.1.85.Final/netty-transport-classes-epoll-4.1.85.Final.jar:/Users/georgebanin/.m2/repository/io/projectreactor/netty/reactor-netty-core/1.1.0/reactor-netty-core-1.1.0.jar:/Users/georgebanin/.m2/repository/io/netty/netty-handler-proxy/4.1.85.Final/netty-handler-proxy-4.1.85.Final.jar:/Users/georgebanin/.m2/repository/io/netty/netty-codec-socks/4.1.85.Final/netty-codec-socks-4.1.85.Final.jar:/Users/georgebanin/.m2/repository/org/springframework/spring-webflux/6.0.2/spring-webflux-6.0.2.jar:/Users/georgebanin/.m2/repository/org/springframework/cloud/spring-cloud-starter-netflix-eureka-client/4.0.0-RC2/spring-cloud-starter-netflix-eureka-client-4.0.0-RC2.jar:/Users/georgebanin/.m2/repository/org/springframework/cloud/spring-cloud-starter/4.0.0-RC2/spring-cloud-starter-4.0.0-RC2.jar:/Users/georgebanin/.m2/repository/org/springframework/cloud/spring-cloud-context/4.0.0-RC2/spring-cloud-context-4.0.0-RC2.jar:/Users/georgebanin/.m2/repository/org/springframework/security/spring-security-crypto/6.0.0/spring-security-crypto-6.0.0.jar:/Users/georgebanin/.m2/repository/org/springframework/cloud/spring-cloud-commons/4.0.0-RC2/spring-cloud-commons-4.0.0-RC2.jar:/Users/georgebanin/.m2/repository/org/springframework/security/spring-security-rsa/1.0.11.RELEASE/spring-security-rsa-1.0.11.RELEASE.jar:/Users/georgebanin/.m2/repository/org/bouncycastle/bcpkix-jdk15on/1.69/bcpkix-jdk15on-1.69.jar:/Users/georgebanin/.m2/repository/org/bouncycastle/bcprov-jdk15on/1.69/bcprov-jdk15on-1.69.jar:/Users/georgebanin/.m2/repository/org/bouncycastle/bcutil-jdk15on/1.69/bcutil-jdk15on-1.69.jar:/Users/georgebanin/.m2/repository/org/springframework/cloud/spring-cloud-netflix-eureka-client/4.0.0-RC2/spring-cloud-netflix-eureka-client-4.0.0-RC2.jar:/Users/georgebanin/.m2/repository/org/apache/httpcomponents/client5/httpclient5/5.1.4/httpclient5-5.1.4.jar:/Users/georgebanin/.m2/repository/org/apache/httpcomponents/core5/httpcore5/5.1.5/httpcore5-5.1.5.jar:/Users/georgebanin/.m2/repository/org/apache/httpcomponents/core5/httpcore5-h2/5.1.5/httpcore5-h2-5.1.5.jar:/Users/georgebanin/.m2/repository/commons-codec/commons-codec/1.15/commons-codec-1.15.jar:/Users/georgebanin/.m2/repository/com/netflix/eureka/eureka-client/2.0.0-rc.4/eureka-client-2.0.0-rc.4.jar:/Users/georgebanin/.m2/repository/com/netflix/netflix-commons/netflix-eventbus/0.3.0/netflix-eventbus-0.3.0.jar:/Users/georgebanin/.m2/repository/com/netflix/netflix-commons/netflix-infix/0.3.0/netflix-infix-0.3.0.jar:/Users/georgebanin/.m2/repository/commons-jxpath/commons-jxpath/1.3/commons-jxpath-1.3.jar:/Users/georgebanin/.m2/repository/joda-time/joda-time/2.3/joda-time-2.3.jar:/Users/georgebanin/.m2/repository/org/antlr/antlr-runtime/3.4/antlr-runtime-3.4.jar:/Users/georgebanin/.m2/repository/org/antlr/stringtemplate/3.2.1/stringtemplate-3.2.1.jar:/Users/georgebanin/.m2/repository/antlr/antlr/2.7.7/antlr-2.7.7.jar:/Users/georgebanin/.m2/repository/com/google/code/gson/gson/2.9.1/gson-2.9.1.jar:/Users/georgebanin/.m2/repository/org/apache/commons/commons-math/2.2/commons-math-2.2.jar:/Users/georgebanin/.m2/repository/com/thoughtworks/xstream/xstream/1.4.18/xstream-1.4.18.jar:/Users/georgebanin/.m2/repository/io/github/x-stream/mxparser/1.2.2/mxparser-1.2.2.jar:/Users/georgebanin/.m2/repository/xmlpull/xmlpull/1.1.3.1/xmlpull-1.1.3.1.jar:/Users/georgebanin/.m2/repository/jakarta/ws/rs/jakarta.ws.rs-api/3.1.0/jakarta.ws.rs-api-3.1.0.jar:/Users/georgebanin/.m2/repository/com/netflix/servo/servo-core/0.12.21/servo-core-0.12.21.jar:/Users/georgebanin/.m2/repository/com/google/guava/guava/19.0/guava-19.0.jar:/Users/georgebanin/.m2/repository/org/apache/httpcomponents/httpclient/4.5.13/httpclient-4.5.13.jar:/Users/georgebanin/.m2/repository/org/apache/httpcomponents/httpcore/4.4.15/httpcore-4.4.15.jar:/Users/georgebanin/.m2/repository/commons-configuration/commons-configuration/1.10/commons-configuration-1.10.jar:/Users/georgebanin/.m2/repository/commons-lang/commons-lang/2.6/commons-lang-2.6.jar:/Users/georgebanin/.m2/repository/com/fasterxml/jackson/core/jackson-annotations/2.14.1/jackson-annotations-2.14.1.jar:/Users/georgebanin/.m2/repository/com/fasterxml/jackson/core/jackson-core/2.14.1/jackson-core-2.14.1.jar:/Users/georgebanin/.m2/repository/org/codehaus/jettison/jettison/1.4.0/jettison-1.4.0.jar:/Users/georgebanin/.m2/repository/com/netflix/eureka/eureka-core/2.0.0-rc.4/eureka-core-2.0.0-rc.4.jar:/Users/georgebanin/.m2/repository/jakarta/servlet/jakarta.servlet-api/6.0.0/jakarta.servlet-api-6.0.0.jar:/Users/georgebanin/.m2/repository/com/fasterxml/woodstox/woodstox-core/6.2.1/woodstox-core-6.2.1.jar:/Users/georgebanin/.m2/repository/org/codehaus/woodstox/stax2-api/4.2.1/stax2-api-4.2.1.jar:/Users/georgebanin/.m2/repository/org/springframework/cloud/spring-cloud-starter-loadbalancer/4.0.0-RC2/spring-cloud-starter-loadbalancer-4.0.0-RC2.jar:/Users/georgebanin/.m2/repository/org/springframework/cloud/spring-cloud-loadbalancer/4.0.0-RC2/spring-cloud-loadbalancer-4.0.0-RC2.jar:/Users/georgebanin/.m2/repository/io/projectreactor/addons/reactor-extra/3.5.0/reactor-extra-3.5.0.jar:/Users/georgebanin/.m2/repository/org/springframework/boot/spring-boot-starter-cache/3.0.0/spring-boot-starter-cache-3.0.0.jar:/Users/georgebanin/.m2/repository/org/springframework/spring-context-support/6.0.2/spring-context-support-6.0.2.jar:/Users/georgebanin/.m2/repository/com/stoyanr/evictor/1.0.0/evictor-1.0.0.jar:/Users/georgebanin/.m2/repository/org/springframework/boot/spring-boot-devtools/3.0.0/spring-boot-devtools-3.0.0.jar:/Users/georgebanin/.m2/repository/org/springframework/boot/spring-boot/3.0.0/spring-boot-3.0.0.jar:/Users/georgebanin/.m2/repository/org/springframework/boot/spring-boot-autoconfigure/3.0.0/spring-boot-autoconfigure-3.0.0.jar:/Users/georgebanin/.m2/repository/com/mysql/mysql-connector-j/8.0.31/mysql-connector-j-8.0.31.jar:/Users/georgebanin/.m2/repository/org/projectlombok/lombok/1.18.24/lombok-1.18.24.jar:/Users/georgebanin/.m2/repository/org/springframework/boot/spring-boot-starter-test/3.0.0/spring-boot-starter-test-3.0.0.jar:/Users/georgebanin/.m2/repository/org/springframework/boot/spring-boot-test/3.0.0/spring-boot-test-3.0.0.jar:/Users/georgebanin/.m2/repository/org/springframework/boot/spring-boot-test-autoconfigure/3.0.0/spring-boot-test-autoconfigure-3.0.0.jar:/Users/georgebanin/.m2/repository/com/jayway/jsonpath/json-path/2.7.0/json-path-2.7.0.jar:/Users/georgebanin/.m2/repository/net/minidev/json-smart/2.4.8/json-smart-2.4.8.jar:/Users/georgebanin/.m2/repository/net/minidev/accessors-smart/2.4.8/accessors-smart-2.4.8.jar:/Users/georgebanin/.m2/repository/org/ow2/asm/asm/9.1/asm-9.1.jar:/Users/georgebanin/.m2/repository/jakarta/xml/bind/jakarta.xml.bind-api/4.0.0/jakarta.xml.bind-api-4.0.0.jar:/Users/georgebanin/.m2/repository/jakarta/activation/jakarta.activation-api/2.1.0/jakarta.activation-api-2.1.0.jar:/Users/georgebanin/.m2/repository/org/assertj/assertj-core/3.23.1/assertj-core-3.23.1.jar:/Users/georgebanin/.m2/repository/org/hamcrest/hamcrest/2.2/hamcrest-2.2.jar:/Users/georgebanin/.m2/repository/org/junit/jupiter/junit-jupiter/5.9.1/junit-jupiter-5.9.1.jar:/Users/georgebanin/.m2/repository/org/junit/jupiter/junit-jupiter-api/5.9.1/junit-jupiter-api-5.9.1.jar:/Users/georgebanin/.m2/repository/org/opentest4j/opentest4j/1.2.0/opentest4j-1.2.0.jar:/Users/georgebanin/.m2/repository/org/junit/platform/junit-platform-commons/1.9.1/junit-platform-commons-1.9.1.jar:/Users/georgebanin/.m2/repository/org/apiguardian/apiguardian-api/1.1.2/apiguardian-api-1.1.2.jar:/Users/georgebanin/.m2/repository/org/junit/jupiter/junit-jupiter-params/5.9.1/junit-jupiter-params-5.9.1.jar:/Users/georgebanin/.m2/repository/org/junit/jupiter/junit-jupiter-engine/5.9.1/junit-jupiter-engine-5.9.1.jar:/Users/georgebanin/.m2/repository/org/junit/platform/junit-platform-engine/1.9.1/junit-platform-engine-1.9.1.jar:/Users/georgebanin/.m2/repository/org/mockito/mockito-core/4.8.1/mockito-core-4.8.1.jar:/Users/georgebanin/.m2/repository/net/bytebuddy/byte-buddy-agent/1.12.19/byte-buddy-agent-1.12.19.jar:/Users/georgebanin/.m2/repository/org/objenesis/objenesis/3.2/objenesis-3.2.jar:/Users/georgebanin/.m2/repository/org/mockito/mockito-junit-jupiter/4.8.1/mockito-junit-jupiter-4.8.1.jar:/Users/georgebanin/.m2/repository/org/skyscreamer/jsonassert/1.5.1/jsonassert-1.5.1.jar:/Users/georgebanin/.m2/repository/com/vaadin/external/google/android-json/0.0.20131108.vaadin1/android-json-0.0.20131108.vaadin1.jar:/Users/georgebanin/.m2/repository/org/springframework/spring-core/6.0.2/spring-core-6.0.2.jar:/Users/georgebanin/.m2/repository/org/springframework/spring-jcl/6.0.2/spring-jcl-6.0.2.jar:/Users/georgebanin/.m2/repository/org/springframework/spring-test/6.0.2/spring-test-6.0.2.jar:/Users/georgebanin/.m2/repository/org/xmlunit/xmlunit-core/2.9.0/xmlunit-core-2.9.0.jar:/Users/georgebanin/.m2/repository/io/projectreactor/reactor-test/3.5.0/reactor-test-3.5.0.jar:/Users/georgebanin/.m2/repository/io/projectreactor/reactor-core/3.5.0/reactor-core-3.5.0.jar:/Users/georgebanin/.m2/repository/org/reactivestreams/reactive-streams/1.0.4/reactive-streams-1.0.4.jar:"/>
    <property name="java.vm.vendor" value="Oracle Corporation"/>
    <property name="sun.arch.data.model" value="64"/>
    <property name="java.vendor.url" value="https://java.oracle.com/"/>
    <property name="os.name" value="Mac OS X"/>
    <property name="java.vm.specification.version" value="17"/>
    <property name="sun.java.launcher" value="SUN_STANDARD"/>
    <property name="user.country" value="US"/>
    <property name="sun.boot.library.path" value="/Library/Java/JavaVirtualMachines/jdk-17.0.4.1.jdk/Contents/Home/lib"/>
    <property name="sun.java.command" value="/Users/georgebanin/Downloads/movieApp/movieStreamingApp/customerService/target/surefire/surefirebooter16611970754717239747.jar /Users/georgebanin/Downloads/movieApp/movieStreamingApp/customerService/target/surefire 2023-02-25T17-32-26_582-jvmRun1 surefire5777181533800271557tmp surefire_015049679784226741223tmp"/>
    <property name="http.nonProxyHosts" value="local|*.local|169.254/16|*.169.254/16"/>
    <property name="jdk.debug" value="release"/>
    <property name="surefire.test.class.path" value="/Users/georgebanin/Downloads/movieApp/movieStreamingApp/customerService/target/test-classes:/Users/georgebanin/Downloads/movieApp/movieStreamingApp/customerService/target/classes:/Users/georgebanin/.m2/repository/org/springframework/boot/spring-boot-starter-data-jpa/3.0.0/spring-boot-starter-data-jpa-3.0.0.jar:/Users/georgebanin/.m2/repository/org/springframework/boot/spring-boot-starter-aop/3.0.0/spring-boot-starter-aop-3.0.0.jar:/Users/georgebanin/.m2/repository/org/springframework/spring-aop/6.0.2/spring-aop-6.0.2.jar:/Users/georgebanin/.m2/repository/org/aspectj/aspectjweaver/1.9.9.1/aspectjweaver-1.9.9.1.jar:/Users/georgebanin/.m2/repository/org/springframework/boot/spring-boot-starter-jdbc/3.0.0/spring-boot-starter-jdbc-3.0.0.jar:/Users/georgebanin/.m2/repository/com/zaxxer/HikariCP/5.0.1/HikariCP-5.0.1.jar:/Users/georgebanin/.m2/repository/org/springframework/spring-jdbc/6.0.2/spring-jdbc-6.0.2.jar:/Users/georgebanin/.m2/repository/org/hibernate/orm/hibernate-core/6.1.5.Final/hibernate-core-6.1.5.Final.jar:/Users/georgebanin/.m2/repository/jakarta/persistence/jakarta.persistence-api/3.1.0/jakarta.persistence-api-3.1.0.jar:/Users/georgebanin/.m2/repository/jakarta/transaction/jakarta.transaction-api/2.0.1/jakarta.transaction-api-2.0.1.jar:/Users/georgebanin/.m2/repository/org/jboss/logging/jboss-logging/3.5.0.Final/jboss-logging-3.5.0.Final.jar:/Users/georgebanin/.m2/repository/org/hibernate/common/hibernate-commons-annotations/6.0.2.Final/hibernate-commons-annotations-6.0.2.Final.jar:/Users/georgebanin/.m2/repository/org/jboss/jandex/2.4.2.Final/jandex-2.4.2.Final.jar:/Users/georgebanin/.m2/repository/com/fasterxml/classmate/1.5.1/classmate-1.5.1.jar:/Users/georgebanin/.m2/repository/net/bytebuddy/byte-buddy/1.12.19/byte-buddy-1.12.19.jar:/Users/georgebanin/.m2/repository/org/glassfish/jaxb/jaxb-runtime/4.0.1/jaxb-runtime-4.0.1.jar:/Users/georgebanin/.m2/repository/org/glassfish/jaxb/jaxb-core/4.0.1/jaxb-core-4.0.1.jar:/Users/georgebanin/.m2/repository/org/eclipse/angus/angus-activation/1.0.0/angus-activation-1.0.0.jar:/Users/georgebanin/.m2/repository/org/glassfish/jaxb/txw2/4.0.1/txw2-4.0.1.jar:/Users/georgebanin/.m2/repository/com/sun/istack/istack-commons-runtime/4.1.1/istack-commons-runtime-4.1.1.jar:/Users/georgebanin/.m2/repository/jakarta/inject/jakarta.inject-api/2.0.0/jakarta.inject-api-2.0.0.jar:/Users/georgebanin/.m2/repository/org/antlr/antlr4-runtime/4.10.1/antlr4-runtime-4.10.1.jar:/Users/georgebanin/.m2/repository/org/springframework/data/spring-data-jpa/3.0.0/spring-data-jpa-3.0.0.jar:/Users/georgebanin/.m2/repository/org/springframework/data/spring-data-commons/3.0.0/spring-data-commons-3.0.0.jar:/Users/georgebanin/.m2/repository/org/springframework/spring-orm/6.0.2/spring-orm-6.0.2.jar:/Users/georgebanin/.m2/repository/org/springframework/spring-context/6.0.2/spring-context-6.0.2.jar:/Users/georgebanin/.m2/repository/org/springframework/spring-tx/6.0.2/spring-tx-6.0.2.jar:/Users/georgebanin/.m2/repository/org/springframework/spring-beans/6.0.2/spring-beans-6.0.2.jar:/Users/georgebanin/.m2/repository/jakarta/annotation/jakarta.annotation-api/2.1.1/jakarta.annotation-api-2.1.1.jar:/Users/georgebanin/.m2/repository/org/slf4j/slf4j-api/2.0.4/slf4j-api-2.0.4.jar:/Users/georgebanin/.m2/repository/org/springframework/spring-aspects/6.0.2/spring-aspects-6.0.2.jar:/Users/georgebanin/.m2/repository/org/springframework/boot/spring-boot-starter-hateoas/3.0.0/spring-boot-starter-hateoas-3.0.0.jar:/Users/georgebanin/.m2/repository/org/springframework/hateoas/spring-hateoas/2.0.0/spring-hateoas-2.0.0.jar:/Users/georgebanin/.m2/repository/org/springframework/plugin/spring-plugin-core/3.0.0/spring-plugin-core-3.0.0.jar:/Users/georgebanin/.m2/repository/org/springframework/boot/spring-boot-starter-web/3.0.0/spring-boot-starter-web-3.0.0.jar:/Users/georgebanin/.m2/repository/org/springframework/boot/spring-boot-starter/3.0.0/spring-boot-starter-3.0.0.jar:/Users/georgebanin/.m2/repository/org/springframework/boot/spring-boot-starter-logging/3.0.0/spring-boot-starter-logging-3.0.0.jar:/Users/georgebanin/.m2/repository/ch/qos/logback/logback-classic/1.4.5/logback-classic-1.4.5.jar:/Users/georgebanin/.m2/repository/ch/qos/logback/logback-core/1.4.5/logback-core-1.4.5.jar:/Users/georgebanin/.m2/repository/org/apache/logging/log4j/log4j-to-slf4j/2.19.0/log4j-to-slf4j-2.19.0.jar:/Users/georgebanin/.m2/repository/org/apache/logging/log4j/log4j-api/2.19.0/log4j-api-2.19.0.jar:/Users/georgebanin/.m2/repository/org/slf4j/jul-to-slf4j/2.0.4/jul-to-slf4j-2.0.4.jar:/Users/georgebanin/.m2/repository/org/yaml/snakeyaml/1.33/snakeyaml-1.33.jar:/Users/georgebanin/.m2/repository/org/springframework/boot/spring-boot-starter-json/3.0.0/spring-boot-starter-json-3.0.0.jar:/Users/georgebanin/.m2/repository/com/fasterxml/jackson/core/jackson-databind/2.14.1/jackson-databind-2.14.1.jar:/Users/georgebanin/.m2/repository/com/fasterxml/jackson/datatype/jackson-datatype-jdk8/2.14.1/jackson-datatype-jdk8-2.14.1.jar:/Users/georgebanin/.m2/repository/com/fasterxml/jackson/datatype/jackson-datatype-jsr310/2.14.1/jackson-datatype-jsr310-2.14.1.jar:/Users/georgebanin/.m2/repository/com/fasterxml/jackson/module/jackson-module-parameter-names/2.14.1/jackson-module-parameter-names-2.14.1.jar:/Users/georgebanin/.m2/repository/org/springframework/boot/spring-boot-starter-tomcat/3.0.0/spring-boot-starter-tomcat-3.0.0.jar:/Users/georgebanin/.m2/repository/org/apache/tomcat/embed/tomcat-embed-core/10.1.1/tomcat-embed-core-10.1.1.jar:/Users/georgebanin/.m2/repository/org/apache/tomcat/embed/tomcat-embed-el/10.1.1/tomcat-embed-el-10.1.1.jar:/Users/georgebanin/.m2/repository/org/apache/tomcat/embed/tomcat-embed-websocket/10.1.1/tomcat-embed-websocket-10.1.1.jar:/Users/georgebanin/.m2/repository/org/springframework/spring-web/6.0.2/spring-web-6.0.2.jar:/Users/georgebanin/.m2/repository/io/micrometer/micrometer-observation/1.10.2/micrometer-observation-1.10.2.jar:/Users/georgebanin/.m2/repository/io/micrometer/micrometer-commons/1.10.2/micrometer-commons-1.10.2.jar:/Users/georgebanin/.m2/repository/org/springframework/spring-webmvc/6.0.2/spring-webmvc-6.0.2.jar:/Users/georgebanin/.m2/repository/org/springframework/spring-expression/6.0.2/spring-expression-6.0.2.jar:/Users/georgebanin/.m2/repository/org/springframework/boot/spring-boot-starter-webflux/3.0.0/spring-boot-starter-webflux-3.0.0.jar:/Users/georgebanin/.m2/repository/org/springframework/boot/spring-boot-starter-reactor-netty/3.0.0/spring-boot-starter-reactor-netty-3.0.0.jar:/Users/georgebanin/.m2/repository/io/projectreactor/netty/reactor-netty-http/1.1.0/reactor-netty-http-1.1.0.jar:/Users/georgebanin/.m2/repository/io/netty/netty-codec-http/4.1.85.Final/netty-codec-http-4.1.85.Final.jar:/Users/georgebanin/.m2/repository/io/netty/netty-common/4.1.85.Final/netty-common-4.1.85.Final.jar:/Users/georgebanin/.m2/repository/io/netty/netty-buffer/4.1.85.Final/netty-buffer-4.1.85.Final.jar:/Users/georgebanin/.m2/repository/io/netty/netty-transport/4.1.85.Final/netty-transport-4.1.85.Final.jar:/Users/georgebanin/.m2/repository/io/netty/netty-codec/4.1.85.Final/netty-codec-4.1.85.Final.jar:/Users/georgebanin/.m2/repository/io/netty/netty-handler/4.1.85.Final/netty-handler-4.1.85.Final.jar:/Users/georgebanin/.m2/repository/io/netty/netty-codec-http2/4.1.85.Final/netty-codec-http2-4.1.85.Final.jar:/Users/georgebanin/.m2/repository/io/netty/netty-resolver-dns/4.1.85.Final/netty-resolver-dns-4.1.85.Final.jar:/Users/georgebanin/.m2/repository/io/netty/netty-resolver/4.1.85.Final/netty-resolver-4.1.85.Final.jar:/Users/georgebanin/.m2/repository/io/netty/netty-codec-dns/4.1.85.Final/netty-codec-dns-4.1.85.Final.jar:/Users/georgebanin/.m2/repository/io/netty/netty-resolver-dns-native-macos/4.1.85.Final/netty-resolver-dns-native-macos-4.1.85.Final-osx-x86_64.jar:/Users/georgebanin/.m2/repository/io/netty/netty-resolver-dns-classes-macos/4.1.85.Final/netty-resolver-dns-classes-macos-4.1.85.Final.jar:/Users/georgebanin/.m2/repository/io/netty/netty-transport-native-epoll/4.1.85.Final/netty-transport-native-epoll-4.1.85.Final-linux-x86_64.jar:/Users/georgebanin/.m2/repository/io/netty/netty-transport-native-unix-common/4.1.85.Final/netty-transport-native-unix-common-4.1.85.Final.jar:/Users/georgebanin/.m2/repository/io/netty/netty-transport-classes-epoll/4.1.85.Final/netty-transport-classes-epoll-4.1.85.Final.jar:/Users/georgebanin/.m2/repository/io/projectreactor/netty/reactor-netty-core/1.1.0/reactor-netty-core-1.1.0.jar:/Users/georgebanin/.m2/repository/io/netty/netty-handler-proxy/4.1.85.Final/netty-handler-proxy-4.1.85.Final.jar:/Users/georgebanin/.m2/repository/io/netty/netty-codec-socks/4.1.85.Final/netty-codec-socks-4.1.85.Final.jar:/Users/georgebanin/.m2/repository/org/springframework/spring-webflux/6.0.2/spring-webflux-6.0.2.jar:/Users/georgebanin/.m2/repository/org/springframework/cloud/spring-cloud-starter-netflix-eureka-client/4.0.0-RC2/spring-cloud-starter-netflix-eureka-client-4.0.0-RC2.jar:/Users/georgebanin/.m2/repository/org/springframework/cloud/spring-cloud-starter/4.0.0-RC2/spring-cloud-starter-4.0.0-RC2.jar:/Users/georgebanin/.m2/repository/org/springframework/cloud/spring-cloud-context/4.0.0-RC2/spring-cloud-context-4.0.0-RC2.jar:/Users/georgebanin/.m2/repository/org/springframework/security/spring-security-crypto/6.0.0/spring-security-crypto-6.0.0.jar:/Users/georgebanin/.m2/repository/org/springframework/cloud/spring-cloud-commons/4.0.0-RC2/spring-cloud-commons-4.0.0-RC2.jar:/Users/georgebanin/.m2/repository/org/springframework/security/spring-security-rsa/1.0.11.RELEASE/spring-security-rsa-1.0.11.RELEASE.jar:/Users/georgebanin/.m2/repository/org/bouncycastle/bcpkix-jdk15on/1.69/bcpkix-jdk15on-1.69.jar:/Users/georgebanin/.m2/repository/org/bouncycastle/bcprov-jdk15on/1.69/bcprov-jdk15on-1.69.jar:/Users/georgebanin/.m2/repository/org/bouncycastle/bcutil-jdk15on/1.69/bcutil-jdk15on-1.69.jar:/Users/georgebanin/.m2/repository/org/springframework/cloud/spring-cloud-netflix-eureka-client/4.0.0-RC2/spring-cloud-netflix-eureka-client-4.0.0-RC2.jar:/Users/georgebanin/.m2/repository/org/apache/httpcomponents/client5/httpclient5/5.1.4/httpclient5-5.1.4.jar:/Users/georgebanin/.m2/repository/org/apache/httpcomponents/core5/httpcore5/5.1.5/httpcore5-5.1.5.jar:/Users/georgebanin/.m2/repository/org/apache/httpcomponents/core5/httpcore5-h2/5.1.5/httpcore5-h2-5.1.5.jar:/Users/georgebanin/.m2/repository/commons-codec/commons-codec/1.15/commons-codec-1.15.jar:/Users/georgebanin/.m2/repository/com/netflix/eureka/eureka-client/2.0.0-rc.4/eureka-client-2.0.0-rc.4.jar:/Users/georgebanin/.m2/repository/com/netflix/netflix-commons/netflix-eventbus/0.3.0/netflix-eventbus-0.3.0.jar:/Users/georgebanin/.m2/repository/com/netflix/netflix-commons/netflix-infix/0.3.0/netflix-infix-0.3.0.jar:/Users/georgebanin/.m2/repository/commons-jxpath/commons-jxpath/1.3/commons-jxpath-1.3.jar:/Users/georgebanin/.m2/repository/joda-time/joda-time/2.3/joda-time-2.3.jar:/Users/georgebanin/.m2/repository/org/antlr/antlr-runtime/3.4/antlr-runtime-3.4.jar:/Users/georgebanin/.m2/repository/org/antlr/stringtemplate/3.2.1/stringtemplate-3.2.1.jar:/Users/georgebanin/.m2/repository/antlr/antlr/2.7.7/antlr-2.7.7.jar:/Users/georgebanin/.m2/repository/com/google/code/gson/gson/2.9.1/gson-2.9.1.jar:/Users/georgebanin/.m2/repository/org/apache/commons/commons-math/2.2/commons-math-2.2.jar:/Users/georgebanin/.m2/repository/com/thoughtworks/xstream/xstream/1.4.18/xstream-1.4.18.jar:/Users/georgebanin/.m2/repository/io/github/x-stream/mxparser/1.2.2/mxparser-1.2.2.jar:/Users/georgebanin/.m2/repository/xmlpull/xmlpull/1.1.3.1/xmlpull-1.1.3.1.jar:/Users/georgebanin/.m2/repository/jakarta/ws/rs/jakarta.ws.rs-api/3.1.0/jakarta.ws.rs-api-3.1.0.jar:/Users/georgebanin/.m2/repository/com/netflix/servo/servo-core/0.12.21/servo-core-0.12.21.jar:/Users/georgebanin/.m2/repository/com/google/guava/guava/19.0/guava-19.0.jar:/Users/georgebanin/.m2/repository/org/apache/httpcomponents/httpclient/4.5.13/httpclient-4.5.13.jar:/Users/georgebanin/.m2/repository/org/apache/httpcomponents/httpcore/4.4.15/httpcore-4.4.15.jar:/Users/georgebanin/.m2/repository/commons-configuration/commons-configuration/1.10/commons-configuration-1.10.jar:/Users/georgebanin/.m2/repository/commons-lang/commons-lang/2.6/commons-lang-2.6.jar:/Users/georgebanin/.m2/repository/com/fasterxml/jackson/core/jackson-annotations/2.14.1/jackson-annotations-2.14.1.jar:/Users/georgebanin/.m2/repository/com/fasterxml/jackson/core/jackson-core/2.14.1/jackson-core-2.14.1.jar:/Users/georgebanin/.m2/repository/org/codehaus/jettison/jettison/1.4.0/jettison-1.4.0.jar:/Users/georgebanin/.m2/repository/com/netflix/eureka/eureka-core/2.0.0-rc.4/eureka-core-2.0.0-rc.4.jar:/Users/georgebanin/.m2/repository/jakarta/servlet/jakarta.servlet-api/6.0.0/jakarta.servlet-api-6.0.0.jar:/Users/georgebanin/.m2/repository/com/fasterxml/woodstox/woodstox-core/6.2.1/woodstox-core-6.2.1.jar:/Users/georgebanin/.m2/repository/org/codehaus/woodstox/stax2-api/4.2.1/stax2-api-4.2.1.jar:/Users/georgebanin/.m2/repository/org/springframework/cloud/spring-cloud-starter-loadbalancer/4.0.0-RC2/spring-cloud-starter-loadbalancer-4.0.0-RC2.jar:/Users/georgebanin/.m2/repository/org/springframework/cloud/spring-cloud-loadbalancer/4.0.0-RC2/spring-cloud-loadbalancer-4.0.0-RC2.jar:/Users/georgebanin/.m2/repository/io/projectreactor/addons/reactor-extra/3.5.0/reactor-extra-3.5.0.jar:/Users/georgebanin/.m2/repository/org/springframework/boot/spring-boot-starter-cache/3.0.0/spring-boot-starter-cache-3.0.0.jar:/Users/georgebanin/.m2/repository/org/springframework/spring-context-support/6.0.2/spring-context-support-6.0.2.jar:/Users/georgebanin/.m2/repository/com/stoyanr/evictor/1.0.0/evictor-1.0.0.jar:/Users/georgebanin/.m2/repository/org/springframework/boot/spring-boot-devtools/3.0.0/spring-boot-devtools-3.0.0.jar:/Users/georgebanin/.m2/repository/org/springframework/boot/spring-boot/3.0.0/spring-boot-3.0.0.jar:/Users/georgebanin/.m2/repository/org/springframework/boot/spring-boot-autoconfigure/3.0.0/spring-boot-autoconfigure-3.0.0.jar:/Users/georgebanin/.m2/repository/com/mysql/mysql-connector-j/8.0.31/mysql-connector-j-8.0.31.jar:/Users/georgebanin/.m2/repository/org/projectlombok/lombok/1.18.24/lombok-1.18.24.jar:/Users/georgebanin/.m2/repository/org/springframework/boot/spring-boot-starter-test/3.0.0/spring-boot-starter-test-3.0.0.jar:/Users/georgebanin/.m2/repository/org/springframework/boot/spring-boot-test/3.0.0/spring-boot-test-3.0.0.jar:/Users/georgebanin/.m2/repository/org/springframework/boot/spring-boot-test-autoconfigure/3.0.0/spring-boot-test-autoconfigure-3.0.0.jar:/Users/georgebanin/.m2/repository/com/jayway/jsonpath/json-path/2.7.0/json-path-2.7.0.jar:/Users/georgebanin/.m2/repository/net/minidev/json-smart/2.4.8/json-smart-2.4.8.jar:/Users/georgebanin/.m2/repository/net/minidev/accessors-smart/2.4.8/accessors-smart-2.4.8.jar:/Users/georgebanin/.m2/repository/org/ow2/asm/asm/9.1/asm-9.1.jar:/Users/georgebanin/.m2/repository/jakarta/xml/bind/jakarta.xml.bind-api/4.0.0/jakarta.xml.bind-api-4.0.0.jar:/Users/georgebanin/.m2/repository/jakarta/activation/jakarta.activation-api/2.1.0/jakarta.activation-api-2.1.0.jar:/Users/georgebanin/.m2/repository/org/assertj/assertj-core/3.23.1/assertj-core-3.23.1.jar:/Users/georgebanin/.m2/repository/org/hamcrest/hamcrest/2.2/hamcrest-2.2.jar:/Users/georgebanin/.m2/repository/org/junit/jupiter/junit-jupiter/5.9.1/junit-jupiter-5.9.1.jar:/Users/georgebanin/.m2/repository/org/junit/jupiter/junit-jupiter-api/5.9.1/junit-jupiter-api-5.9.1.jar:/Users/georgebanin/.m2/repository/org/opentest4j/opentest4j/1.2.0/opentest4j-1.2.0.jar:/Users/georgebanin/.m2/repository/org/junit/platform/junit-platform-commons/1.9.1/junit-platform-commons-1.9.1.jar:/Users/georgebanin/.m2/repository/org/apiguardian/apiguardian-api/1.1.2/apiguardian-api-1.1.2.jar:/Users/georgebanin/.m2/repository/org/junit/jupiter/junit-jupiter-params/5.9.1/junit-jupiter-params-5.9.1.jar:/Users/georgebanin/.m2/repository/org/junit/jupiter/junit-jupiter-engine/5.9.1/junit-jupiter-engine-5.9.1.jar:/Users/georgebanin/.m2/repository/org/junit/platform/junit-platform-engine/1.9.1/junit-platform-engine-1.9.1.jar:/Users/georgebanin/.m2/repository/org/mockito/mockito-core/4.8.1/mockito-core-4.8.1.jar:/Users/georgebanin/.m2/repository/net/bytebuddy/byte-buddy-agent/1.12.19/byte-buddy-agent-1.12.19.jar:/Users/georgebanin/.m2/repository/org/objenesis/objenesis/3.2/objenesis-3.2.jar:/Users/georgebanin/.m2/repository/org/mockito/mockito-junit-jupiter/4.8.1/mockito-junit-jupiter-4.8.1.jar:/Users/georgebanin/.m2/repository/org/skyscreamer/jsonassert/1.5.1/jsonassert-1.5.1.jar:/Users/georgebanin/.m2/repository/com/vaadin/external/google/android-json/0.0.20131108.vaadin1/android-json-0.0.20131108.vaadin1.jar:/Users/georgebanin/.m2/repository/org/springframework/spring-core/6.0.2/spring-core-6.0.2.jar:/Users/georgebanin/.m2/repository/org/springframework/spring-jcl/6.0.2/spring-jcl-6.0.2.jar:/Users/georgebanin/.m2/repository/org/springframework/spring-test/6.0.2/spring-test-6.0.2.jar:/Users/georgebanin/.m2/repository/org/xmlunit/xmlunit-core/2.9.0/xmlunit-core-2.9.0.jar:/Users/georgebanin/.m2/repository/io/projectreactor/reactor-test/3.5.0/reactor-test-3.5.0.jar:/Users/georgebanin/.m2/repository/io/projectreactor/reactor-core/3.5.0/reactor-core-3.5.0.jar:/Users/georgebanin/.m2/repository/org/reactivestreams/reactive-streams/1.0.4/reactive-streams-1.0.4.jar:"/>
    <property name="sun.cpu.endian" value="little"/>
    <property name="user.home" value="/Users/georgebanin"/>
    <property name="user.language" value="en"/>
    <property name="java.specification.vendor" value="Oracle Corporation"/>
    <property name="java.version.date" value="2022-08-18"/>
    <property name="java.home" value="/Library/Java/JavaVirtualMachines/jdk-17.0.4.1.jdk/Contents/Home"/>
    <property name="file.separator" value="/"/>
    <property name="basedir" value="/Users/georgebanin/Downloads/movieApp/movieStreamingApp/customerService"/>
    <property name="java.vm.compressedOopsMode" value="Zero based"/>
    <property name="line.separator" value="&#10;"/>
    <property name="java.specification.name" value="Java Platform API Specification"/>
    <property name="java.vm.specification.vendor" value="Oracle Corporation"/>
    <property name="surefire.real.class.path" value="/Users/georgebanin/Downloads/movieApp/movieStreamingApp/customerService/target/surefire/surefirebooter16611970754717239747.jar"/>
    <property name="sun.management.compiler" value="HotSpot 64-Bit Tiered Compilers"/>
    <property name="ftp.nonProxyHosts" value="local|*.local|169.254/16|*.169.254/16"/>
    <property name="java.runtime.version" value="17.0.4.1+1-LTS-2"/>
    <property name="user.name" value="georgebanin"/>
    <property name="path.separator" value=":"/>
    <property name="os.version" value="13.1"/>
    <property name="java.runtime.name" value="Java(TM) SE Runtime Environment"/>
    <property name="file.encoding" value="UTF-8"/>
    <property name="java.vm.name" value="Java HotSpot(TM) 64-Bit Server VM"/>
    <property name="localRepository" value="/Users/georgebanin/.m2/repository"/>
    <property name="java.vendor.url.bug" value="https://bugreport.java.com/bugreport/"/>
    <property name="java.io.tmpdir" value="/var/folders/2w/ss5ljwbj7y39s6d20m35pvqh0000gn/T/"/>
    <property name="idea.version" value="2022.2.3"/>
    <property name="java.version" value="17.0.4.1"/>
    <property name="user.dir" value="/Users/georgebanin/Downloads/movieApp/movieStreamingApp/customerService"/>
    <property name="os.arch" value="aarch64"/>
    <property name="java.vm.specification.name" value="Java Virtual Machine Specification"/>
    <property name="native.encoding" value="UTF-8"/>
    <property name="java.library.path" value="/Users/georgebanin/Library/Java/Extensions:/Library/Java/Extensions:/Network/Library/Java/Extensions:/System/Library/Java/Extensions:/usr/lib/java:."/>
    <property name="java.vm.info" value="mixed mode, sharing"/>
    <property name="java.vendor" value="Oracle Corporation"/>
    <property name="java.vm.version" value="17.0.4.1+1-LTS-2"/>
    <property name="sun.io.unicode.encoding" value="UnicodeBig"/>
    <property name="socksNonProxyHosts" value="local|*.local|169.254/16|*.169.254/16"/>
    <property name="java.class.version" value="61.0"/>
  </properties>
  <testcase name="contextLoads" classname="com.rendShow.customerService.CustomerServiceApplicationTests" time="0.09"/>
</testsuite>